app/build/intermediates/manifest_merge_blame_file/debug/processDebugMainManifest/manifest-merger-blame-debug-report.txt
1<?xml version="1.0" encoding="utf-8"?>
2<manifest xmlns:android="http://schemas.android.com/apk/res/android"
3    package="com.example.familyphotoframe"
4    android:versionCode="33"
5    android:versionName="0.12.13-prerelease" >
6
7    <uses-sdk
8        android:minSdkVersion="21"
9        android:targetSdkVersion="35" />
10
11    <!--
12      Permission posture: SAF folder access, keep-screen-on, and app-private fallback
13      need no permissions. The only permissions declared are the network ones below,
14      which map to the shipped SMB/NAS feature. No broad media/storage permissions are
15      ever declared (enforced by the merged-manifest audit in app/build.gradle.kts).
16    -->
17
18
19    <!--
20      Phase 1 adds SMB/NAS. INTERNET + ACCESS_NETWORK_STATE map to that shipped
21      feature (spec §21.1); both are network permissions, NOT media/storage, so the
22      §22.1/§27.8 permission gate still passes (no READ_MEDIA_*, no *_EXTERNAL_STORAGE,
23      no ACCESS_MEDIA_LOCATION, no QUERY_ALL_PACKAGES). Boot (RECEIVE_BOOT_COMPLETED)
24      is added in the auto-start increment, when that feature ships.
25    -->
26    <uses-permission android:name="android.permission.INTERNET" />
26-->src/main/AndroidManifest.xml:18:5-67
26-->src/main/AndroidManifest.xml:18:22-64
27    <uses-permission android:name="android.permission.ACCESS_NETWORK_STATE" />
27-->src/main/AndroidManifest.xml:19:5-79
27-->src/main/AndroidManifest.xml:19:22-76
28    <!-- Auto-start on boot when the user enables it (spec §13.3). -->
29    <uses-permission android:name="android.permission.RECEIVE_BOOT_COMPLETED" />
29-->src/main/AndroidManifest.xml:21:5-81
29-->src/main/AndroidManifest.xml:21:22-78
30
31    <!-- Operable without a touchscreen (spec §12.2, §21.4). -->
32    <uses-feature
32-->src/main/AndroidManifest.xml:24:5-90
33        android:name="android.hardware.touchscreen"
33-->src/main/AndroidManifest.xml:24:19-62
34        android:required="false" />
34-->src/main/AndroidManifest.xml:24:63-87
35    <uses-feature
35-->src/main/AndroidManifest.xml:25:5-87
36        android:name="android.software.leanback"
36-->src/main/AndroidManifest.xml:25:19-59
37        android:required="false" />
37-->src/main/AndroidManifest.xml:25:60-84
38
39    <permission
39-->[androidx.core:core:1.13.1] AndroidManifest.xml:22:5-24:47
40        android:name="com.example.familyphotoframe.DYNAMIC_RECEIVER_NOT_EXPORTED_PERMISSION"
40-->[androidx.core:core:1.13.1] AndroidManifest.xml:23:9-81
41        android:protectionLevel="signature" />
41-->[androidx.core:core:1.13.1] AndroidManifest.xml:24:9-44
42
43    <uses-permission android:name="com.example.familyphotoframe.DYNAMIC_RECEIVER_NOT_EXPORTED_PERMISSION" />
43-->[androidx.core:core:1.13.1] AndroidManifest.xml:26:5-97
43-->[androidx.core:core:1.13.1] AndroidManifest.xml:26:22-94
44
45    <application
45-->src/main/AndroidManifest.xml:27:5-61:19
46        android:name="com.example.familyphotoframe.App"
46-->src/main/AndroidManifest.xml:28:9-28
47        android:allowBackup="true"
47-->src/main/AndroidManifest.xml:29:9-35
48        android:appComponentFactory="androidx.core.app.CoreComponentFactory"
48-->[androidx.core:core:1.13.1] AndroidManifest.xml:28:18-86
49        android:banner="@drawable/tv_banner"
49-->src/main/AndroidManifest.xml:33:9-45
50        android:dataExtractionRules="@xml/data_extraction_rules"
50-->src/main/AndroidManifest.xml:30:9-65
51        android:debuggable="true"
52        android:extractNativeLibs="true"
53        android:fullBackupContent="@xml/backup_rules"
53-->src/main/AndroidManifest.xml:31:9-54
54        android:icon="@mipmap/ic_launcher"
54-->src/main/AndroidManifest.xml:32:9-43
55        android:label="@string/app_name"
55-->src/main/AndroidManifest.xml:34:9-41
56        android:supportsRtl="true"
56-->src/main/AndroidManifest.xml:35:9-35
57        android:theme="@style/Theme.FamilyPhotoFrame" >
57-->src/main/AndroidManifest.xml:36:9-54
58        <activity
58-->src/main/AndroidManifest.xml:38:9-51:20
59            android:name="com.example.familyphotoframe.MainActivity"
59-->src/main/AndroidManifest.xml:39:13-41
60            android:configChanges="orientation|screenSize|smallestScreenSize|screenLayout|keyboard|keyboardHidden|navigation|uiMode|density"
60-->src/main/AndroidManifest.xml:41:13-141
61            android:exported="true"
61-->src/main/AndroidManifest.xml:40:13-36
62            android:launchMode="singleTask"
62-->src/main/AndroidManifest.xml:42:13-44
63            android:screenOrientation="fullUser"
63-->src/main/AndroidManifest.xml:43:13-49
64            android:theme="@style/Theme.FamilyPhotoFrame" >
64-->src/main/AndroidManifest.xml:44:13-58
65            <intent-filter>
65-->src/main/AndroidManifest.xml:45:13-50:29
66                <action android:name="android.intent.action.MAIN" />
66-->src/main/AndroidManifest.xml:46:17-69
66-->src/main/AndroidManifest.xml:46:25-66
67
68                <category android:name="android.intent.category.LAUNCHER" />
68-->src/main/AndroidManifest.xml:47:17-77
68-->src/main/AndroidManifest.xml:47:27-74
69                <!-- Appears in the Android TV launcher too. -->
70                <category android:name="android.intent.category.LEANBACK_LAUNCHER" />
70-->src/main/AndroidManifest.xml:49:17-86
70-->src/main/AndroidManifest.xml:49:27-83
71            </intent-filter>
72        </activity>
73
74        <receiver
74-->src/main/AndroidManifest.xml:53:9-60:20
75            android:name="com.example.familyphotoframe.platform.BootReceiver"
75-->src/main/AndroidManifest.xml:54:13-50
76            android:enabled="true"
76-->src/main/AndroidManifest.xml:56:13-35
77            android:exported="true" >
77-->src/main/AndroidManifest.xml:55:13-36
78            <intent-filter>
78-->src/main/AndroidManifest.xml:57:13-59:29
79                <action android:name="android.intent.action.BOOT_COMPLETED" />
79-->src/main/AndroidManifest.xml:58:17-79
79-->src/main/AndroidManifest.xml:58:25-76
80            </intent-filter>
81        </receiver>
82
83        <provider
83-->[androidx.emoji2:emoji2:1.3.0] AndroidManifest.xml:24:9-32:20
84            android:name="androidx.startup.InitializationProvider"
84-->[androidx.emoji2:emoji2:1.3.0] AndroidManifest.xml:25:13-67
85            android:authorities="com.example.familyphotoframe.androidx-startup"
85-->[androidx.emoji2:emoji2:1.3.0] AndroidManifest.xml:26:13-68
86            android:exported="false" >
86-->[androidx.emoji2:emoji2:1.3.0] AndroidManifest.xml:27:13-37
87            <meta-data
87-->[androidx.emoji2:emoji2:1.3.0] AndroidManifest.xml:29:13-31:52
88                android:name="androidx.emoji2.text.EmojiCompatInitializer"
88-->[androidx.emoji2:emoji2:1.3.0] AndroidManifest.xml:30:17-75
89                android:value="androidx.startup" />
89-->[androidx.emoji2:emoji2:1.3.0] AndroidManifest.xml:31:17-49
90            <meta-data
90-->[androidx.lifecycle:lifecycle-process:2.8.6] AndroidManifest.xml:29:13-31:52
91                android:name="androidx.lifecycle.ProcessLifecycleInitializer"
91-->[androidx.lifecycle:lifecycle-process:2.8.6] AndroidManifest.xml:30:17-78
92                android:value="androidx.startup" />
92-->[androidx.lifecycle:lifecycle-process:2.8.6] AndroidManifest.xml:31:17-49
93            <meta-data
93-->[androidx.profileinstaller:profileinstaller:1.3.1] AndroidManifest.xml:29:13-31:52
94                android:name="androidx.profileinstaller.ProfileInstallerInitializer"
94-->[androidx.profileinstaller:profileinstaller:1.3.1] AndroidManifest.xml:30:17-85
95                android:value="androidx.startup" />
95-->[androidx.profileinstaller:profileinstaller:1.3.1] AndroidManifest.xml:31:17-49
96        </provider>
97
98        <activity
98-->[androidx.compose.ui:ui-tooling-android:1.7.3] AndroidManifest.xml:23:9-25:39
99            android:name="androidx.compose.ui.tooling.PreviewActivity"
99-->[androidx.compose.ui:ui-tooling-android:1.7.3] AndroidManifest.xml:24:13-71
100            android:exported="true" />
100-->[androidx.compose.ui:ui-tooling-android:1.7.3] AndroidManifest.xml:25:13-36
101
102        <service
102-->[androidx.room:room-runtime:2.6.1] AndroidManifest.xml:24:9-28:63
103            android:name="androidx.room.MultiInstanceInvalidationService"
103-->[androidx.room:room-runtime:2.6.1] AndroidManifest.xml:25:13-74
104            android:directBootAware="true"
104-->[androidx.room:room-runtime:2.6.1] AndroidManifest.xml:26:13-43
105            android:exported="false" />
105-->[androidx.room:room-runtime:2.6.1] AndroidManifest.xml:27:13-37
106
107        <receiver
107-->[androidx.profileinstaller:profileinstaller:1.3.1] AndroidManifest.xml:34:9-52:20
108            android:name="androidx.profileinstaller.ProfileInstallReceiver"
108-->[androidx.profileinstaller:profileinstaller:1.3.1] AndroidManifest.xml:35:13-76
109            android:directBootAware="false"
109-->[androidx.profileinstaller:profileinstaller:1.3.1] AndroidManifest.xml:36:13-44
110            android:enabled="true"
110-->[androidx.profileinstaller:profileinstaller:1.3.1] AndroidManifest.xml:37:13-35
111            android:exported="true"
111-->[androidx.profileinstaller:profileinstaller:1.3.1] AndroidManifest.xml:38:13-36
112            android:permission="android.permission.DUMP" >
112-->[androidx.profileinstaller:profileinstaller:1.3.1] AndroidManifest.xml:39:13-57
113            <intent-filter>
113-->[androidx.profileinstaller:profileinstaller:1.3.1] AndroidManifest.xml:40:13-42:29
114                <action android:name="androidx.profileinstaller.action.INSTALL_PROFILE" />
114-->[androidx.profileinstaller:profileinstaller:1.3.1] AndroidManifest.xml:41:17-91
114-->[androidx.profileinstaller:profileinstaller:1.3.1] AndroidManifest.xml:41:25-88
115            </intent-filter>
116            <intent-filter>
116-->[androidx.profileinstaller:profileinstaller:1.3.1] AndroidManifest.xml:43:13-45:29
117                <action android:name="androidx.profileinstaller.action.SKIP_FILE" />
117-->[androidx.profileinstaller:profileinstaller:1.3.1] AndroidManifest.xml:44:17-85
117-->[androidx.profileinstaller:profileinstaller:1.3.1] AndroidManifest.xml:44:25-82
118            </intent-filter>
119            <intent-filter>
119-->[androidx.profileinstaller:profileinstaller:1.3.1] AndroidManifest.xml:46:13-48:29
120                <action android:name="androidx.profileinstaller.action.SAVE_PROFILE" />
120-->[androidx.profileinstaller:profileinstaller:1.3.1] AndroidManifest.xml:47:17-88
120-->[androidx.profileinstaller:profileinstaller:1.3.1] AndroidManifest.xml:47:25-85
121            </intent-filter>
122            <intent-filter>
122-->[androidx.profileinstaller:profileinstaller:1.3.1] AndroidManifest.xml:49:13-51:29
123                <action android:name="androidx.profileinstaller.action.BENCHMARK_OPERATION" />
123-->[androidx.profileinstaller:profileinstaller:1.3.1] AndroidManifest.xml:50:17-95
123-->[androidx.profileinstaller:profileinstaller:1.3.1] AndroidManifest.xml:50:25-92
124            </intent-filter>
125        </receiver>
126    </application>
127
128</manifest>